{"/Users/garyjennings/Desktop/Packt/packt-course/videos/lesson07/projects/testcoverageproject/src/components/Game.vue": {"path":"/Users/garyjennings/Desktop/Packt/packt-course/videos/lesson07/projects/testcoverageproject/src/components/Game.vue","statementMap":{"0":{"start":{"line":11,"column":0},"end":{"line":null,"column":-1}},"1":{"start":{"line":16,"column":0},"end":{"line":null,"column":-1}},"2":{"start":{"line":25,"column":0},"end":{"line":27,"column":0}},"3":{"start":{"line":26,"column":0},"end":{"line":null,"column":-1}},"4":{"start":{"line":29,"column":0},"end":{"line":31,"column":0}},"5":{"start":{"line":30,"column":0},"end":{"line":null,"column":-1}},"6":{"start":{"line":32,"column":0},"end":{"line":34,"column":0}},"7":{"start":{"line":33,"column":0},"end":{"line":null,"column":-1}},"8":{"start":{"line":35,"column":0},"end":{"line":null,"column":-1}}},"fnMap":{"0":{"name":"getRandomInt","decl":{"start":{"line":10,"column":0},"end":{"line":null,"column":-1}},"loc":{"start":{"line":10,"column":0},"end":{"line":12,"column":0}}}},"branchMap":{"0":{"loc":{"start":{"line":25,"column":0},"end":{"line":27,"column":0}},"type":"if","locations":[{"start":{"line":25,"column":0},"end":{"line":27,"column":0}},{"start":{"line":25,"column":0},"end":{"line":27,"column":0}}]},"1":{"loc":{"start":{"line":25,"column":0},"end":{"line":null,"column":-1}},"type":"binary-expr","locations":[{"start":{"line":25,"column":0},"end":{"line":null,"column":-1}},{"start":{"line":25,"column":0},"end":{"line":null,"column":-1}}]},"2":{"loc":{"start":{"line":29,"column":0},"end":{"line":31,"column":0}},"type":"if","locations":[{"start":{"line":29,"column":0},"end":{"line":31,"column":0}},{"start":{"line":29,"column":0},"end":{"line":31,"column":0}}]},"3":{"loc":{"start":{"line":32,"column":0},"end":{"line":34,"column":0}},"type":"if","locations":[{"start":{"line":32,"column":0},"end":{"line":34,"column":0}},{"start":{"line":32,"column":0},"end":{"line":34,"column":0}}]}},"s":{"0":4,"1":4,"2":4,"3":1,"4":3,"5":1,"6":2,"7":1,"8":1},"f":{"0":4},"b":{"0":[1,3],"1":[4,3],"2":[1,2],"3":[1,1]}}
}
